{
  "RSpec": {
    "coverage": {
      "/Users/swapnil/Desktop/ROR/contact-form-2/app/helpers/application_helper.rb": {
        "lines": [
          1,
          null
        ]
      },
      "/Users/swapnil/Desktop/ROR/contact-form-2/app/helpers/contacts_helper.rb": {
        "lines": [
          1,
          null
        ]
      },
      "/Users/swapnil/Desktop/ROR/contact-form-2/app/models/contact.rb": {
        "lines": [
          1,
          1,
          null,
          null,
          1,
          null,
          1,
          null,
          1,
          null,
          1,
          null,
          null,
          null,
          null,
          null,
          1,
          2,
          2,
          null,
          null
        ]
      },
      "/Users/swapnil/Desktop/ROR/contact-form-2/app/models/application_record.rb": {
        "lines": [
          1,
          1,
          null
        ]
      },
      "/Users/swapnil/Desktop/ROR/contact-form-2/app/mailers/contact_mailer.rb": {
        "lines": [
          1,
          null,
          1,
          2,
          2,
          2,
          null,
          null
        ]
      },
      "/Users/swapnil/Desktop/ROR/contact-form-2/app/mailers/application_mailer.rb": {
        "lines": [
          1,
          1,
          1,
          null
        ]
      },
      "/Users/swapnil/Desktop/ROR/contact-form-2/app/jobs/application_job.rb": {
        "lines": [
          null,
          null,
          null,
          null,
          null,
          null,
          null
        ],
        "branches": {
        }
      },
      "/Users/swapnil/Desktop/ROR/contact-form-2/app/controllers/application_controller.rb": {
        "lines": [
          0,
          0
        ],
        "branches": {
        }
      },
      "/Users/swapnil/Desktop/ROR/contact-form-2/app/controllers/contacts_controller.rb": {
        "lines": [
          0,
          0,
          null,
          null,
          0,
          0,
          0,
          0,
          null,
          null,
          0,
          0,
          null,
          0,
          0,
          0,
          0,
          0,
          0,
          0,
          0,
          0,
          0,
          null,
          0,
          null,
          null,
          null,
          null,
          null,
          0,
          0,
          0,
          0,
          0,
          0,
          0,
          0,
          0,
          null,
          0,
          0,
          0,
          0
        ],
        "branches": {
        }
      }
    },
    "timestamp": 1592854405
  }
}
