{
  "RSpec": {
    "coverage": {
      "/Users/swapnil/Desktop/ROR/contact-form-2/app/helpers/application_helper.rb": {
        "lines": [
          1,
          null
        ]
      },
      "/Users/swapnil/Desktop/ROR/contact-form-2/app/helpers/contacts_helper.rb": {
        "lines": [
          1,
          null
        ]
      },
      "/Users/swapnil/Desktop/ROR/contact-form-2/app/models/contact.rb": {
        "lines": [
          1,
          1,
          null,
          null,
          1,
          null,
          1,
          null,
          1,
          null,
          1,
          null,
          null,
          null,
          null,
          null,
          null,
          1,
          5,
          5,
          null,
          null
        ]
      },
      "/Users/swapnil/Desktop/ROR/contact-form-2/app/models/application_record.rb": {
        "lines": [
          1,
          1,
          null
        ]
      },
      "/Users/swapnil/Desktop/ROR/contact-form-2/app/mailers/contact_mailer.rb": {
        "lines": [
          1,
          null,
          1,
          5,
          5,
          5,
          null,
          null
        ]
      },
      "/Users/swapnil/Desktop/ROR/contact-form-2/app/mailers/application_mailer.rb": {
        "lines": [
          1,
          1,
          1,
          null
        ]
      },
      "/Users/swapnil/Desktop/ROR/contact-form-2/app/controllers/contacts_controller.rb": {
        "lines": [
          1,
          null,
          null,
          1,
          4,
          null,
          null,
          null,
          1,
          5,
          5,
          5,
          5,
          4,
          null,
          3,
          3,
          null,
          null,
          null,
          null,
          1,
          null,
          null,
          null,
          null,
          null,
          null,
          1,
          5,
          null,
          null
        ]
      },
      "/Users/swapnil/Desktop/ROR/contact-form-2/app/controllers/application_controller.rb": {
        "lines": [
          1,
          1,
          1,
          null,
          1,
          9,
          null,
          null,
          1,
          9,
          9,
          9,
          2,
          null,
          7,
          null,
          null,
          null
        ]
      },
      "/Users/swapnil/Desktop/ROR/contact-form-2/app/jobs/application_job.rb": {
        "lines": [
          null,
          null,
          null,
          null,
          null,
          null,
          null
        ],
        "branches": {
        }
      }
    },
    "timestamp": 1592911685
  }
}
